c:\users\wen\desktop\calculatorlanguage\toyvirtualmachine\x64\debug\vc142.pdb
c:\users\wen\desktop\calculatorlanguage\toyvirtualmachine\x64\debug\vc142.idb
c:\users\wen\desktop\calculatorlanguage\toyvirtualmachine\x64\debug\virualmachine.obj
c:\users\wen\desktop\calculatorlanguage\toyvirtualmachine\x64\debug\toyvirtualmachine.obj
c:\users\wen\desktop\calculatorlanguage\toyvirtualmachine\x64\debug\heapmanager.obj
c:\users\wen\desktop\calculatorlanguage\calculator\x64\debug\toyvirtualmachine.pdb
c:\users\wen\desktop\calculatorlanguage\toyvirtualmachine\x64\debug\toyvirtu.664ff2cd.tlog\cl.command.1.tlog
c:\users\wen\desktop\calculatorlanguage\toyvirtualmachine\x64\debug\toyvirtu.664ff2cd.tlog\cl.read.1.tlog
c:\users\wen\desktop\calculatorlanguage\toyvirtualmachine\x64\debug\toyvirtu.664ff2cd.tlog\cl.write.1.tlog
c:\users\wen\desktop\calculatorlanguage\toyvirtualmachine\x64\debug\toyvirtu.664ff2cd.tlog\link-cvtres.read.1.tlog
c:\users\wen\desktop\calculatorlanguage\toyvirtualmachine\x64\debug\toyvirtu.664ff2cd.tlog\link-cvtres.write.1.tlog
c:\users\wen\desktop\calculatorlanguage\toyvirtualmachine\x64\debug\toyvirtu.664ff2cd.tlog\link-rc.read.1.tlog
c:\users\wen\desktop\calculatorlanguage\toyvirtualmachine\x64\debug\toyvirtu.664ff2cd.tlog\link-rc.write.1.tlog
c:\users\wen\desktop\calculatorlanguage\toyvirtualmachine\x64\debug\toyvirtu.664ff2cd.tlog\link.16324-cvtres.read.1.tlog
c:\users\wen\desktop\calculatorlanguage\toyvirtualmachine\x64\debug\toyvirtu.664ff2cd.tlog\link.16324-cvtres.write.1.tlog
c:\users\wen\desktop\calculatorlanguage\toyvirtualmachine\x64\debug\toyvirtu.664ff2cd.tlog\link.16324-rc.read.1.tlog
c:\users\wen\desktop\calculatorlanguage\toyvirtualmachine\x64\debug\toyvirtu.664ff2cd.tlog\link.16324-rc.write.1.tlog
c:\users\wen\desktop\calculatorlanguage\toyvirtualmachine\x64\debug\toyvirtu.664ff2cd.tlog\link.16324.read.1.tlog
c:\users\wen\desktop\calculatorlanguage\toyvirtualmachine\x64\debug\toyvirtu.664ff2cd.tlog\link.16324.write.1.tlog
c:\users\wen\desktop\calculatorlanguage\toyvirtualmachine\x64\debug\toyvirtu.664ff2cd.tlog\link.command.1.tlog
c:\users\wen\desktop\calculatorlanguage\toyvirtualmachine\x64\debug\toyvirtu.664ff2cd.tlog\link.read.1.tlog
c:\users\wen\desktop\calculatorlanguage\toyvirtualmachine\x64\debug\toyvirtu.664ff2cd.tlog\link.write.1.tlog
